model-android/Gr.fst
model-android/HCLr.fst
model-android/README
model-android/disambig_tid.int
model-android/final.mdl
model-android/ivector/final.dubm
model-android/ivector/final.ie
model-android/ivector/final.mat
model-android/ivector/global_cmvn.stats
model-android/ivector/online_cmvn.conf
model-android/ivector/splice.conf
model-android/mfcc.conf
model-android/word_boundary.int
model-android/words.txt
model-spanish/Gr.fst
model-spanish/HCLr.fst
model-spanish/README
model-spanish/disambig_tid.int
model-spanish/final.mdl
model-spanish/ivector/final.dubm
model-spanish/ivector/final.ie
model-spanish/ivector/final.mat
model-spanish/ivector/global_cmvn.stats
model-spanish/ivector/online_cmvn.conf
model-spanish/ivector/splice.conf
model-spanish/mfcc.conf
model-spanish/word_boundary.int